<?xml version="1.0" encoding="UTF-8"?>
<testng-results ignored="0" total="1" passed="1" failed="0" skipped="0">
  <reporter-output>
  </reporter-output>
  <suite started-at="2020-07-31T11:53:42Z" name="Default suite" finished-at="2020-07-31T11:53:42Z" duration-ms="53">
    <groups>
    </groups>
    <test started-at="2020-07-31T11:53:42Z" name="Default test" finished-at="2020-07-31T11:53:42Z" duration-ms="53">
      <class name="testng.WelcomeTestNG">
        <test-method signature="demo()[pri:0, instance:testng.WelcomeTestNG@5c1a8622]" started-at="2020-07-31T11:53:42Z" name="demo" finished-at="2020-07-31T11:53:42Z" duration-ms="21" status="PASS">
          <reporter-output>
          </reporter-output>
        </test-method> <!-- demo -->
      </class> <!-- testng.WelcomeTestNG -->
    </test> <!-- Default test -->
  </suite> <!-- Default suite -->
</testng-results>
