<?xml version="1.0" encoding="UTF-8"?>
<testng-results ignored="0" total="1" passed="1" failed="0" skipped="0">
  <reporter-output>
  </reporter-output>
  <suite started-at="2020-07-31T11:51:01Z" name="Default suite" finished-at="2020-07-31T11:51:22Z" duration-ms="20130">
    <groups>
    </groups>
    <test started-at="2020-07-31T11:51:01Z" name="Default test" finished-at="2020-07-31T11:51:22Z" duration-ms="20130">
      <class name="testcases.LoginPageApplication">
        <test-method signature="loginDemo()[pri:0, instance:testcases.LoginPageApplication@37e547da]" started-at="2020-07-31T11:51:01Z" name="loginDemo" finished-at="2020-07-31T11:51:22Z" duration-ms="20060" status="PASS">
          <reporter-output>
          </reporter-output>
        </test-method> <!-- loginDemo -->
      </class> <!-- testcases.LoginPageApplication -->
    </test> <!-- Default test -->
  </suite> <!-- Default suite -->
</testng-results>
