<?xml version="1.0" encoding="UTF-8"?>
<!-- Generated by org.testng.reporters.JUnitXMLReporter -->
<testsuite ignored="0" hostname="Kowshic" failures="1" tests="1" name="HomePage" time="12.771" errors="0" timestamp="02 Aug 2020 15:58:43 GMT">
  <testcase classname="testPackage.HomePage" name="basepageNavigation" time="0.116">
    <failure type="java.lang.AssertionError" message="expected:&amp;lt;FEATURED COURSES&amp;gt; but was:&amp;lt;FEATURED COURSESs&amp;gt;">
      <![CDATA[java.lang.AssertionError: expected:<FEATURED COURSES> but was:<FEATURED COURSESs>
at testPackage.HomePage.basepageNavigation(HomePage.java:40)
at java.base/java.util.concurrent.FutureTask.run(FutureTask.java:264)
at java.base/java.util.concurrent.ThreadPoolExecutor.runWorker(ThreadPoolExecutor.java:1128)
at java.base/java.util.concurrent.ThreadPoolExecutor$Worker.run(ThreadPoolExecutor.java:628)
at java.base/java.lang.Thread.run(Thread.java:835)
... Removed 18 stack frames]]>
    </failure>
  </testcase> <!-- basepageNavigation -->
</testsuite> <!-- HomePage -->
