<?xml version="1.0" encoding="UTF-8"?>
<!-- Generated by org.testng.reporters.JUnitXMLReporter -->
<testsuite ignored="0" hostname="Kowshic" failures="1" tests="1" name="HomePage" time="11.091" errors="0" timestamp="02 Aug 2020 17:11:34 GMT">
  <testcase classname="testPackage.HomePage" name="basepageNavigation" time="0.084">
    <failure type="java.lang.AssertionError" message="expected:&amp;lt;FEATURED COURSES&amp;gt; but was:&amp;lt;FEATURED COURSESs&amp;gt;">
      <![CDATA[java.lang.AssertionError: expected:<FEATURED COURSES> but was:<FEATURED COURSESs>
at testPackage.HomePage.basepageNavigation(HomePage.java:40)
... Removed 27 stack frames]]>
    </failure>
  </testcase> <!-- basepageNavigation -->
</testsuite> <!-- HomePage -->
