<?xml version="1.0" encoding="UTF-8"?>
<!-- Generated by org.testng.reporters.JUnitXMLReporter -->
<testsuite ignored="0" hostname="Kowshic" failures="0" tests="3" name="Test" time="27.444" errors="0" timestamp="17 Dec 2020 16:45:09 GMT">
  <testcase classname="Amazon.searchFunctionalityTest.BookSearchTest" name="clickDropDownAndSelectBooks" time="0.389"/>
  <testcase classname="Amazon.searchFunctionalityTest.BookSearchTest" name="enterDataCatalogInSearch" time="7.353"/>
  <testcase classname="Amazon.searchFunctionalityTest.BookSearchTest" name="readAndPrintDetails" time="2.328"/>
</testsuite> <!-- Test -->
